2023-07-27 20:15:48,626 - INFO - Phishing Attempt Detected:
2023-07-27 20:15:48,626 - INFO - Phishing Attempt Detected:
2023-07-27 20:15:48,627 - INFO - Content: Verify your email
2023-07-27 20:15:48,627 - INFO - Content: Verify your email
2023-07-27 20:20:15,084 - INFO - Valid Email:
2023-07-27 20:20:15,084 - INFO - Valid Email:
2023-07-27 20:20:15,096 - INFO - From: chancellorjarrett@gmail.com
2023-07-27 20:20:15,096 - INFO - From: chancellorjarrett@gmail.com
2023-07-27 20:20:15,096 - INFO - Subject: Verify your account
2023-07-27 20:20:15,096 - INFO - Subject: Verify your account
2023-07-27 20:20:15,097 - INFO - Content: Verify your email and confirm your account
2023-07-27 20:20:15,097 - INFO - Content: Verify your email and confirm your account
2023-07-27 20:32:36,408 - INFO - Received Email:
2023-07-27 20:32:36,408 - INFO - Received Email:
2023-07-27 20:32:36,410 - INFO - From: chancellorjarrett@gmail.com
2023-07-27 20:32:36,410 - INFO - From: chancellorjarrett@gmail.com
2023-07-27 20:32:36,411 - INFO - Subject: Verify your account
2023-07-27 20:32:36,411 - INFO - Subject: Verify your account
2023-07-27 20:32:36,412 - INFO - Content: Verify your email and confirm your account
2023-07-27 20:32:36,412 - INFO - Content: Verify your email and confirm your account
2023-07-27 20:32:36,414 - INFO - Email is valid for account validation. Processing...
2023-07-27 20:32:36,414 - INFO - Email is valid for account validation. Processing...
2023-07-27 21:19:47,797 - INFO - Valid Email:
2023-07-27 21:19:47,798 - INFO - From: chancellorjarrett@gmail.com
2023-07-27 21:19:47,798 - INFO - Subject: Verify your address
2023-07-27 21:19:47,799 - INFO - Content: Verify your email and confirm your account
2023-07-28 17:25:11,030 - INFO - Phishing Attempt Detected:
2023-07-28 17:25:11,032 - INFO - Content: Verify your email and confirm your email
